[INFO  Thu Sep 22 23:44:30 2022] .../packer/opt/mason.nvim/lua/mason-core/installer/init.lua:110: Executing installer for Package(name=html-lsp)
[INFO  Thu Sep 22 23:44:30 2022] .../packer/opt/mason.nvim/lua/mason-core/installer/init.lua:110: Executing installer for Package(name=rust-analyzer)
[INFO  Thu Sep 22 23:44:30 2022] .../packer/opt/mason.nvim/lua/mason-core/installer/init.lua:110: Executing installer for Package(name=pyright)
[INFO  Thu Sep 22 23:44:30 2022] .../packer/opt/mason.nvim/lua/mason-core/installer/init.lua:110: Executing installer for Package(name=vim-language-server)
[INFO  Thu Sep 22 23:44:34 2022] .../packer/opt/mason.nvim/lua/mason-core/installer/init.lua:110: Executing installer for Package(name=typescript-language-server)
[INFO  Thu Sep 22 23:44:34 2022] .../packer/opt/mason.nvim/lua/mason-core/installer/init.lua:142: Installation succeeded for Package(name=vim-language-server)
[INFO  Thu Sep 22 23:44:37 2022] .../packer/opt/mason.nvim/lua/mason-core/installer/init.lua:110: Executing installer for Package(name=dockerfile-language-server)
[INFO  Thu Sep 22 23:44:37 2022] .../packer/opt/mason.nvim/lua/mason-core/installer/init.lua:142: Installation succeeded for Package(name=pyright)
[INFO  Thu Sep 22 23:44:41 2022] .../packer/opt/mason.nvim/lua/mason-core/installer/init.lua:110: Executing installer for Package(name=lua-language-server)
[INFO  Thu Sep 22 23:44:41 2022] .../packer/opt/mason.nvim/lua/mason-core/installer/init.lua:142: Installation succeeded for Package(name=html-lsp)
[INFO  Thu Sep 22 23:44:45 2022] .../packer/opt/mason.nvim/lua/mason-core/installer/init.lua:110: Executing installer for Package(name=gopls)
[INFO  Thu Sep 22 23:44:45 2022] .../packer/opt/mason.nvim/lua/mason-core/installer/init.lua:142: Installation succeeded for Package(name=typescript-language-server)
[INFO  Thu Sep 22 23:44:46 2022] .../packer/opt/mason.nvim/lua/mason-core/installer/init.lua:110: Executing installer for Package(name=json-lsp)
[INFO  Thu Sep 22 23:44:46 2022] .../packer/opt/mason.nvim/lua/mason-core/installer/init.lua:142: Installation succeeded for Package(name=dockerfile-language-server)
[INFO  Thu Sep 22 23:44:53 2022] .../packer/opt/mason.nvim/lua/mason-core/installer/init.lua:110: Executing installer for Package(name=bash-language-server)
[INFO  Thu Sep 22 23:44:53 2022] .../packer/opt/mason.nvim/lua/mason-core/installer/init.lua:142: Installation succeeded for Package(name=json-lsp)
[INFO  Thu Sep 22 23:44:54 2022] .../packer/opt/mason.nvim/lua/mason-core/installer/init.lua:110: Executing installer for Package(name=jdtls)
[INFO  Thu Sep 22 23:44:54 2022] .../packer/opt/mason.nvim/lua/mason-core/installer/init.lua:142: Installation succeeded for Package(name=gopls)
[INFO  Thu Sep 22 23:45:00 2022] .../packer/opt/mason.nvim/lua/mason-core/installer/init.lua:110: Executing installer for Package(name=yaml-language-server)
[INFO  Thu Sep 22 23:45:00 2022] .../packer/opt/mason.nvim/lua/mason-core/installer/init.lua:142: Installation succeeded for Package(name=lua-language-server)
[INFO  Thu Sep 22 23:45:02 2022] .../packer/opt/mason.nvim/lua/mason-core/installer/init.lua:110: Executing installer for Package(name=codelldb)
[INFO  Thu Sep 22 23:45:02 2022] .../packer/opt/mason.nvim/lua/mason-core/installer/init.lua:142: Installation succeeded for Package(name=jdtls)
[INFO  Thu Sep 22 23:45:04 2022] .../packer/opt/mason.nvim/lua/mason-core/installer/init.lua:110: Executing installer for Package(name=stylua)
[INFO  Thu Sep 22 23:45:04 2022] .../packer/opt/mason.nvim/lua/mason-core/installer/init.lua:142: Installation succeeded for Package(name=rust-analyzer)
[INFO  Thu Sep 22 23:45:04 2022] .../packer/opt/mason.nvim/lua/mason-core/installer/init.lua:110: Executing installer for Package(name=shfmt)
[INFO  Thu Sep 22 23:45:04 2022] .../packer/opt/mason.nvim/lua/mason-core/installer/init.lua:142: Installation succeeded for Package(name=bash-language-server)
[INFO  Thu Sep 22 23:45:04 2022] .../packer/opt/mason.nvim/lua/mason-core/installer/init.lua:110: Executing installer for Package(name=shellcheck)
[INFO  Thu Sep 22 23:45:04 2022] .../packer/opt/mason.nvim/lua/mason-core/installer/init.lua:142: Installation succeeded for Package(name=yaml-language-server)
[INFO  Thu Sep 22 23:45:09 2022] .../packer/opt/mason.nvim/lua/mason-core/installer/init.lua:110: Executing installer for Package(name=prettierd)
[INFO  Thu Sep 22 23:45:09 2022] .../packer/opt/mason.nvim/lua/mason-core/installer/init.lua:142: Installation succeeded for Package(name=shfmt)
[INFO  Thu Sep 22 23:45:12 2022] .../packer/opt/mason.nvim/lua/mason-core/installer/init.lua:142: Installation succeeded for Package(name=shellcheck)
[INFO  Thu Sep 22 23:45:12 2022] .../packer/opt/mason.nvim/lua/mason-core/installer/init.lua:142: Installation succeeded for Package(name=stylua)
[INFO  Thu Sep 22 23:45:15 2022] .../packer/opt/mason.nvim/lua/mason-core/installer/init.lua:142: Installation succeeded for Package(name=prettierd)
[INFO  Thu Sep 22 23:45:59 2022] .../packer/opt/mason.nvim/lua/mason-core/installer/init.lua:142: Installation succeeded for Package(name=codelldb)
